Arguments: 
  C:\Program Files\nodejs\node.exe C:\Users\ckm79\AppData\Roaming\npm\node_modules\yarn\bin\yarn.js

PATH: 
  C:\msys64\mingw64\bin;C:\Windows;C:\Windows\System32\Wbem;C:\Windows\System32\WindowsPowerShell\v1.0\;C:\Windows\System32\OpenSSH\;C:\Program Files\dotnet\;C:\data\db\bin;C:\Program Files\Bandizip\;C:\Program Files\Git\cmd;C:\Users\ckm79\AppData\Local\Programs\Python\Python39;C:\Users\ckm79\AppData\Local\Programs\Python\Python39\Scripts;C:\Program Files\Docker\Docker\resources\bin;C:\Windows\System32;C:\Program Files\Java\jdk-17\bin;%NVM_HOME%;%NVM_SYMLINK%;C:\ProgramData\chocolatey\bin;C:\Program Files\nodejs\;C:\Users\ckm79\AppData\Local\pnpm;C:\Users\ckm79\AppData\Local\Microsoft\WindowsApps;C:\Users\ckm79\AppData\Local\Programs\Microsoft VS Code\bin;C:\;C:\Users\ckm79\AppData\Local\GitHubDesktop\bin;C:\Program Files\JetBrains\IntelliJ IDEA 2023.1.3\bin;;C:\Users\ckm79\AppData\Roaming\nvm;C:\Program Files\nodejs;C:\Users\ckm79\AppData\Roaming\npm

Yarn version: 
  1.22.19

Node version: 
  16.20.1

Platform: 
  win32 x64

Trace: 
  SyntaxError: C:\Users\ckm79\Desktop\yjs-study\yjs-tldraw\yjs-tldraw_v1\yjs-tldraw\package.json: Unexpected token } in JSON at position 1408
      at JSON.parse (<anonymous>)
      at C:\Users\ckm79\AppData\Roaming\npm\node_modules\yarn\lib\cli.js:1629:59
      at Generator.next (<anonymous>)
      at step (C:\Users\ckm79\AppData\Roaming\npm\node_modules\yarn\lib\cli.js:310:30)
      at C:\Users\ckm79\AppData\Roaming\npm\node_modules\yarn\lib\cli.js:321:13

npm manifest: 
  {
    "name": "yjs-tldraw",
    "version": "1.0.0",
    "description": "",
    "keywords": [],
    "main": "src/index.tsx",
    "dependencies": {
      "d3": "3.5.17",
      "@emotion/react": "^11.11.1",
      "@emotion/styled": "^11.11.0",
      "@react-hook/throttle": "^2.2.0",
      "@remirror/pm": "^2.0.6",
      "@remirror/react": "^2.0.34",
      "@remirror/react-editors": "^1.0.35",
      "@tanstack/react-query": "^4.29.25",
      "@testing-library/jest-dom": "^5.14.1",
      "@testing-library/react": "^13.0.0",
      "@testing-library/user-event": "^13.2.1",
      "@tldraw/core": "^1.23.2",
      "@tldraw/tldraw": "^1.29.2",
      "axios": "^1.4.0",
      "framer-motion": "^10.13.1",
      "prosemirror-example-setup": "^1.2.2",
      "prosemirror-model": "^1.19.3",
      "prosemirror-state": "^1.4.3",
      "prosemirror-view": "^1.31.6",
      "quill": "^1.3.7",
      "quill-cursors": "^4.0.2",
      "randomcolor": "^0.6.2",
      "react": "^18.2.0",
      "react-cookie": "^4.1.1",
      "react-dom": "^18.2.0",
      "react-router-dom": "^6.14.1",
      "react-scripts": "5.0.1",
      "recoil": "^0.7.7",
      "remirror": "^2.0.33",
      "serve": "^14.2.0",
      "unique-names-generator": "^4.7.1",
      "y-prosemirror": "^1.2.1",
      "y-protocols": "^1.0.5",
      "y-webrtc": "^10.2.5",
      "y-websocket": "^1.5.0",
      "yjs": "^13.6.7",
      "@types/react": "17.0.38",
      "@types/react-dom": "17.0.11",
      "mobx": "6.3.10",
      "y-presence": "0.2.3",
    },
    "scripts": {
      "start": "react-scripts start",
      "build": "react-scripts build",
      "test": "react-scripts test --env=jsdom",
      "eject": "react-scripts eject"
    },
    "browserslist": [
      ">0.2%",
      "not dead",
      "not ie <= 11",
      "not op_mini all"
    ]
  }

yarn manifest: 
  No manifest

Lockfile: 
  No lockfile
